[INFO] Scanning for projects...
[INFO] 
[INFO] ---------------------< com.examenmayo:rpg-online >----------------------
[INFO] Building rpg-online 1.0.0
[INFO]   from pom.xml
[INFO] --------------------------------[ jar ]---------------------------------
[INFO] 
[INFO] >>> spring-boot:3.2.4:run (default-cli) > test-compile @ rpg-online >>>
[INFO] 
[INFO] --- resources:3.3.1:resources (default-resources) @ rpg-online ---
[INFO] Copying 1 resource from src\main\resources to target\classes
[INFO] Copying 0 resource from src\main\resources to target\classes
[INFO] 
[INFO] --- compiler:3.11.0:compile (default-compile) @ rpg-online ---
[INFO] Nothing to compile - all classes are up to date
[INFO] 
[INFO] --- resources:3.3.1:testResources (default-testResources) @ rpg-online ---
[INFO] Copying 0 resource from src\test\resources to target\test-classes
[INFO] 
[INFO] --- compiler:3.11.0:testCompile (default-testCompile) @ rpg-online ---
[INFO] Nothing to compile - all classes are up to date
[INFO] 
[INFO] <<< spring-boot:3.2.4:run (default-cli) < test-compile @ rpg-online <<<
[INFO] 
[INFO] 
[INFO] --- spring-boot:3.2.4:run (default-cli) @ rpg-online ---
[INFO] Attaching agents: []

  .   ____          _            __ _ _
 /\\ / ___'_ __ _ _(_)_ __  __ _ \ \ \ \
( ( )\___ | '_ | '_| | '_ \/ _` | \ \ \ \
 \\/  ___)| |_)| | | | | || (_| |  ) ) ) )
  '  |____| .__|_| |_|_| |_\__, | / / / /
 =========|_|==============|___/=/_/_/_/
 :: Spring Boot ::                (v3.2.4)

2026-05-07T20:41:52.344+02:00  INFO 27308 --- [rpg-online] [           main] com.examenmayo.RpgOnlineApplication      : Starting RpgOnlineApplication using Java 25 with PID 27308 (C:\Users\Martín\OneDrive\Escritorio\exmanemayo\rpg-online\target\classes started by Martín in C:\Users\Martín\OneDrive\Escritorio\exmanemayo\rpg-online)
2026-05-07T20:41:52.348+02:00 DEBUG 27308 --- [rpg-online] [           main] com.examenmayo.RpgOnlineApplication      : Running with Spring Boot v3.2.4, Spring v6.1.5
2026-05-07T20:41:52.349+02:00  INFO 27308 --- [rpg-online] [           main] com.examenmayo.RpgOnlineApplication      : The following 1 profile is active: "dev"
2026-05-07T20:41:53.186+02:00  INFO 27308 --- [rpg-online] [           main] .s.d.r.c.RepositoryConfigurationDelegate : Bootstrapping Spring Data JPA repositories in DEFAULT mode.
2026-05-07T20:41:53.279+02:00  INFO 27308 --- [rpg-online] [           main] .s.d.r.c.RepositoryConfigurationDelegate : Finished Spring Data repository scanning in 72 ms. Found 7 JPA repository interfaces.
WARNING: A restricted method in java.lang.System has been called
WARNING: java.lang.System::load has been called by org.apache.tomcat.jni.Library in an unnamed module (file:/C:/Users/Mart%c3%adn/.m2/repository/org/apache/tomcat/embed/tomcat-embed-core/10.1.19/tomcat-embed-core-10.1.19.jar)
WARNING: Use --enable-native-access=ALL-UNNAMED to avoid a warning for callers in this module
WARNING: Restricted methods will be blocked in a future release unless native access is enabled

2026-05-07T20:41:54.494+02:00  INFO 27308 --- [rpg-online] [           main] o.s.b.w.embedded.tomcat.TomcatWebServer  : Tomcat initialized with port 8080 (http)
2026-05-07T20:41:54.524+02:00  INFO 27308 --- [rpg-online] [           main] o.apache.catalina.core.StandardService   : Starting service [Tomcat]
2026-05-07T20:41:54.525+02:00  INFO 27308 --- [rpg-online] [           main] o.apache.catalina.core.StandardEngine    : Starting Servlet engine: [Apache Tomcat/10.1.19]
2026-05-07T20:41:54.627+02:00  INFO 27308 --- [rpg-online] [           main] o.a.c.c.C.[Tomcat].[localhost].[/]       : Initializing Spring embedded WebApplicationContext
2026-05-07T20:41:54.628+02:00  INFO 27308 --- [rpg-online] [           main] w.s.c.ServletWebServerApplicationContext : Root WebApplicationContext: initialization completed in 2212 ms
2026-05-07T20:41:54.676+02:00  INFO 27308 --- [rpg-online] [           main] com.zaxxer.hikari.HikariDataSource       : HikariPool-1 - Starting...
2026-05-07T20:41:54.991+02:00  INFO 27308 --- [rpg-online] [           main] com.zaxxer.hikari.pool.HikariPool        : HikariPool-1 - Added connection conn0: url=jdbc:h2:mem:rpgonline user=SA
2026-05-07T20:41:55.005+02:00  INFO 27308 --- [rpg-online] [           main] com.zaxxer.hikari.HikariDataSource       : HikariPool-1 - Start completed.
2026-05-07T20:41:55.023+02:00  INFO 27308 --- [rpg-online] [           main] o.s.b.a.h2.H2ConsoleAutoConfiguration    : H2 console available at '/h2-console'. Database available at 'jdbc:h2:mem:rpgonline'
2026-05-07T20:41:55.100+02:00 DEBUG 27308 --- [rpg-online] [           main] c.e.i.security.JwtAuthenticationFilter   : Filter 'jwtAuthenticationFilter' configured for use
2026-05-07T20:41:55.230+02:00  INFO 27308 --- [rpg-online] [           main] o.hibernate.jpa.internal.util.LogHelper  : HHH000204: Processing PersistenceUnitInfo [name: default]
2026-05-07T20:41:55.313+02:00  INFO 27308 --- [rpg-online] [           main] org.hibernate.Version                    : HHH000412: Hibernate ORM core version 6.4.4.Final
2026-05-07T20:41:55.364+02:00  INFO 27308 --- [rpg-online] [           main] o.h.c.internal.RegionFactoryInitiator    : HHH000026: Second-level cache disabled
2026-05-07T20:41:55.705+02:00  INFO 27308 --- [rpg-online] [           main] o.s.o.j.p.SpringPersistenceUnitInfo      : No LoadTimeWeaver setup: ignoring JPA class transformer
2026-05-07T20:41:55.786+02:00  WARN 27308 --- [rpg-online] [           main] org.hibernate.orm.deprecation            : HHH90000025: H2Dialect does not need to be specified explicitly using 'hibernate.dialect' (remove the property setting and it will be selected by default)
2026-05-07T20:41:57.631+02:00  INFO 27308 --- [rpg-online] [           main] o.h.e.t.j.p.i.JtaPlatformInitiator       : HHH000489: No JTA platform available (set 'hibernate.transaction.jta.platform' to enable JTA platform integration)
2026-05-07T20:41:57.658+02:00 DEBUG 27308 --- [rpg-online] [           main] org.hibernate.SQL                        : 
    drop table if exists clanes cascade 
2026-05-07T20:41:57.665+02:00 DEBUG 27308 --- [rpg-online] [           main] org.hibernate.SQL                        : 
    drop table if exists combate_participantes cascade 
2026-05-07T20:41:57.666+02:00 DEBUG 27308 --- [rpg-online] [           main] org.hibernate.SQL                        : 
    drop table if exists combates cascade 
2026-05-07T20:41:57.666+02:00 DEBUG 27308 --- [rpg-online] [           main] org.hibernate.SQL                        : 
    drop table if exists inventarios cascade 
2026-05-07T20:41:57.668+02:00 DEBUG 27308 --- [rpg-online] [           main] org.hibernate.SQL                        : 
    drop table if exists jugadores cascade 
2026-05-07T20:41:57.668+02:00 DEBUG 27308 --- [rpg-online] [           main] org.hibernate.SQL                        : 
    drop table if exists mision_jugadores cascade 
2026-05-07T20:41:57.668+02:00 DEBUG 27308 --- [rpg-online] [           main] org.hibernate.SQL                        : 
    drop table if exists misiones cascade 
2026-05-07T20:41:57.669+02:00 DEBUG 27308 --- [rpg-online] [           main] org.hibernate.SQL                        : 
    drop table if exists objetos cascade 
2026-05-07T20:41:57.669+02:00 DEBUG 27308 --- [rpg-online] [           main] org.hibernate.SQL                        : 
    drop table if exists personajes cascade 
2026-05-07T20:41:57.677+02:00 DEBUG 27308 --- [rpg-online] [           main] org.hibernate.SQL                        : 
    create table clanes (
        ranking integer not null,
        id uuid not null,
        lider_id uuid not null unique,
        nombre varchar(50) not null unique,
        primary key (id)
    )
2026-05-07T20:41:57.688+02:00 DEBUG 27308 --- [rpg-online] [           main] org.hibernate.SQL                        : 
    create table combate_participantes (
        combate_id uuid not null,
        personaje_id uuid not null
    )
2026-05-07T20:41:57.690+02:00 DEBUG 27308 --- [rpg-online] [           main] org.hibernate.SQL                        : 
    create table combates (
        turnos integer not null,
        id uuid not null,
        resultado varchar(20) not null check (resultado in ('VICTORIA','DERROTA','EMPATE')),
        primary key (id)
    )
2026-05-07T20:41:57.699+02:00 DEBUG 27308 --- [rpg-online] [           main] org.hibernate.SQL                        : 
    create table inventarios (
        capacidad_maxima integer not null,
        id uuid not null,
        personaje_id uuid not null unique,
        primary key (id)
    )
2026-05-07T20:41:57.702+02:00 DEBUG 27308 --- [rpg-online] [           main] org.hibernate.SQL                        : 
    create table jugadores (
        nivel integer not null,
        oro numeric(12,2) not null,
        experiencia bigint not null,
        version bigint,
        clan_id uuid,
        id uuid not null,
        nickname varchar(50) not null unique,
        primary key (id)
    )
2026-05-07T20:41:57.705+02:00 DEBUG 27308 --- [rpg-online] [           main] org.hibernate.SQL                        : 
    create table mision_jugadores (
        jugador_id uuid not null,
        mision_id uuid not null
    )
2026-05-07T20:41:57.706+02:00 DEBUG 27308 --- [rpg-online] [           main] org.hibernate.SQL                        : 
    create table misiones (
        recompensa integer not null,
        id uuid not null,
        estado varchar(20) not null check (estado in ('PENDIENTE','EN_PROGRESO','COMPLETADA')),
        nombre varchar(100) not null,
        descripcion TEXT not null,
        primary key (id)
    )
2026-05-07T20:41:57.712+02:00 DEBUG 27308 --- [rpg-online] [           main] org.hibernate.SQL                        : 
    create table objetos (
        danio integer,
        defensa_extra integer,
        potencia integer,
        valor integer not null,
        id uuid not null,
        inventario_id uuid,
        efecto varchar(20) check (efecto in ('CURACION','MANA','BUFF_ATAQUE','BUFF_DEFENSA','REVIVIR')),
        rareza varchar(20) not null check (rareza in ('COMUN','RARO','EPICO','LEGENDARIO','MITICO')),
        tipo varchar(20) not null check (tipo in ('ARMA','ARMADURA','CONSUMIBLE')),
        tipo_objeto varchar(31) not null,
        nombre varchar(100) not null,
        primary key (id)
    )
2026-05-07T20:41:57.716+02:00 DEBUG 27308 --- [rpg-online] [           main] org.hibernate.SQL                        : 
    create table personajes (
        ataque integer not null,
        defensa integer not null,
        mana integer not null,
        vida integer not null,
        id uuid not null,
        jugador_id uuid not null,
        clase varchar(20) not null check (clase in ('GUERRERO','MAGO','ARQUERO','PALADIN','ASESINO')),
        nombre varchar(50) not null,
        primary key (id)
    )
2026-05-07T20:41:57.719+02:00 DEBUG 27308 --- [rpg-online] [           main] org.hibernate.SQL                        : 
    create index idx_clan_ranking 
       on clanes (ranking)
2026-05-07T20:41:57.721+02:00 DEBUG 27308 --- [rpg-online] [           main] org.hibernate.SQL                        : 
    create index idx_personaje_jugador 
       on personajes (jugador_id)
2026-05-07T20:41:57.722+02:00 DEBUG 27308 --- [rpg-online] [           main] org.hibernate.SQL                        : 
    create index idx_personaje_nombre 
       on personajes (nombre)
2026-05-07T20:41:57.723+02:00 DEBUG 27308 --- [rpg-online] [           main] org.hibernate.SQL                        : 
    alter table if exists clanes 
       add constraint FKeklgj5j6k5hx6ofekjfnthb6l 
       foreign key (lider_id) 
       references jugadores
2026-05-07T20:41:57.738+02:00 DEBUG 27308 --- [rpg-online] [           main] org.hibernate.SQL                        : 
    alter table if exists combate_participantes 
       add constraint FKj23py65v2ypjgbqj2h5ty7jfk 
       foreign key (personaje_id) 
       references personajes
2026-05-07T20:41:57.741+02:00 DEBUG 27308 --- [rpg-online] [           main] org.hibernate.SQL                        : 
    alter table if exists combate_participantes 
       add constraint FKbwbwxt22771ni14wpthx7d9bw 
       foreign key (combate_id) 
       references combates
2026-05-07T20:41:57.745+02:00 DEBUG 27308 --- [rpg-online] [           main] org.hibernate.SQL                        : 
    alter table if exists inventarios 
       add constraint FKf76m7v410f991l0y557afhevl 
       foreign key (personaje_id) 
       references personajes
2026-05-07T20:41:57.746+02:00 DEBUG 27308 --- [rpg-online] [           main] org.hibernate.SQL                        : 
    alter table if exists jugadores 
       add constraint FKb99d10v23gpq6yrw18ioww8yf 
       foreign key (clan_id) 
       references clanes
2026-05-07T20:41:57.749+02:00 DEBUG 27308 --- [rpg-online] [           main] org.hibernate.SQL                        : 
    alter table if exists mision_jugadores 
       add constraint FKt29jyx51lmjtheu1y2x1t5ch6 
       foreign key (jugador_id) 
       references jugadores
2026-05-07T20:41:57.751+02:00 DEBUG 27308 --- [rpg-online] [           main] org.hibernate.SQL                        : 
    alter table if exists mision_jugadores 
       add constraint FKjhugn8pu69a0udt2tjue6jupj 
       foreign key (mision_id) 
       references misiones
2026-05-07T20:41:57.754+02:00 DEBUG 27308 --- [rpg-online] [           main] org.hibernate.SQL                        : 
    alter table if exists objetos 
       add constraint FK36r67yg7a48p99rvm0o2xqvfw 
       foreign key (inventario_id) 
       references inventarios
2026-05-07T20:41:57.757+02:00 DEBUG 27308 --- [rpg-online] [           main] org.hibernate.SQL                        : 
    alter table if exists personajes 
       add constraint FKe8w9bud8y1mmmw4c0o1a84mim 
       foreign key (jugador_id) 
       references jugadores
2026-05-07T20:41:57.765+02:00  INFO 27308 --- [rpg-online] [           main] j.LocalContainerEntityManagerFactoryBean : Initialized JPA EntityManagerFactory for persistence unit 'default'
2026-05-07T20:41:58.264+02:00  INFO 27308 --- [rpg-online] [           main] o.s.d.j.r.query.QueryEnhancerFactory     : Hibernate is in classpath; If applicable, HQL parser will be used.
2026-05-07T20:41:59.456+02:00  WARN 27308 --- [rpg-online] [           main] .s.s.UserDetailsServiceAutoConfiguration : 

Using generated security password: 7e643098-4180-41d1-91bb-5b894c1a15e3

This generated password is for development use only. Your security configuration must be updated before running your application in production.

2026-05-07T20:41:59.969+02:00  INFO 27308 --- [rpg-online] [           main] o.s.s.web.DefaultSecurityFilterChain     : Will secure any request with [org.springframework.security.web.session.DisableEncodeUrlFilter@511e0453, org.springframework.security.web.context.request.async.WebAsyncManagerIntegrationFilter@60ee6f76, org.springframework.security.web.context.SecurityContextHolderFilter@39e3da5a, org.springframework.security.web.header.HeaderWriterFilter@2bac4423, org.springframework.web.filter.CorsFilter@4c1d2a13, org.springframework.security.web.authentication.logout.LogoutFilter@67aedd28, org.springframework.security.web.savedrequest.RequestCacheAwareFilter@3bd466bd, org.springframework.security.web.servletapi.SecurityContextHolderAwareRequestFilter@1bbf7e81, org.springframework.security.web.authentication.AnonymousAuthenticationFilter@2a68932b, org.springframework.security.web.session.SessionManagementFilter@427c8f6, org.springframework.security.web.access.ExceptionTranslationFilter@62ae5180, org.springframework.security.web.access.intercept.AuthorizationFilter@35408036]
2026-05-07T20:42:00.504+02:00  INFO 27308 --- [rpg-online] [           main] o.s.b.w.embedded.tomcat.TomcatWebServer  : Tomcat started on port 8080 (http) with context path ''
2026-05-07T20:42:00.528+02:00  INFO 27308 --- [rpg-online] [           main] com.examenmayo.RpgOnlineApplication      : Started RpgOnlineApplication in 8.849 seconds (process running for 9.443)
2026-05-07T20:42:00.639+02:00 DEBUG 27308 --- [rpg-online] [           main] org.hibernate.SQL                        : 
    select
        count(*) 
    from
        jugadores j1_0
2026-05-07T20:42:00.671+02:00  INFO 27308 --- [rpg-online] [           main] c.e.i.configuration.DataInitializer      : Inicializando datos de demostración...
2026-05-07T20:42:00.748+02:00 DEBUG 27308 --- [rpg-online] [           main] org.hibernate.SQL                        : 
    insert 
    into
        jugadores
        (clan_id, experiencia, nickname, nivel, oro, version, id) 
    values
        (?, ?, ?, ?, ?, ?, ?)
2026-05-07T20:42:00.769+02:00 DEBUG 27308 --- [rpg-online] [           main] org.hibernate.SQL                        : 
    insert 
    into
        jugadores
        (clan_id, experiencia, nickname, nivel, oro, version, id) 
    values
        (?, ?, ?, ?, ?, ?, ?)
2026-05-07T20:42:00.778+02:00 DEBUG 27308 --- [rpg-online] [           main] org.hibernate.SQL                        : 
    insert 
    into
        personajes
        (ataque, clase, defensa, jugador_id, mana, nombre, vida, id) 
    values
        (?, ?, ?, ?, ?, ?, ?, ?)
2026-05-07T20:42:00.781+02:00 DEBUG 27308 --- [rpg-online] [           main] org.hibernate.SQL                        : 
    insert 
    into
        inventarios
        (capacidad_maxima, personaje_id, id) 
    values
        (?, ?, ?)
2026-05-07T20:42:00.785+02:00 DEBUG 27308 --- [rpg-online] [           main] org.hibernate.SQL                        : 
    insert 
    into
        objetos
        (inventario_id, nombre, rareza, tipo, valor, danio, tipo_objeto, id) 
    values
        (?, ?, ?, ?, ?, ?, 'ARMA', ?)
2026-05-07T20:42:00.789+02:00 DEBUG 27308 --- [rpg-online] [           main] org.hibernate.SQL                        : 
    insert 
    into
        objetos
        (inventario_id, nombre, rareza, tipo, valor, defensa_extra, tipo_objeto, id) 
    values
        (?, ?, ?, ?, ?, ?, 'ARMADURA', ?)
2026-05-07T20:42:00.793+02:00 DEBUG 27308 --- [rpg-online] [           main] org.hibernate.SQL                        : 
    insert 
    into
        objetos
        (inventario_id, nombre, rareza, tipo, valor, efecto, potencia, tipo_objeto, id) 
    values
        (?, ?, ?, ?, ?, ?, ?, 'CONSUMIBLE', ?)
2026-05-07T20:42:00.797+02:00 DEBUG 27308 --- [rpg-online] [           main] org.hibernate.SQL                        : 
    insert 
    into
        personajes
        (ataque, clase, defensa, jugador_id, mana, nombre, vida, id) 
    values
        (?, ?, ?, ?, ?, ?, ?, ?)
2026-05-07T20:42:00.798+02:00 DEBUG 27308 --- [rpg-online] [           main] org.hibernate.SQL                        : 
    insert 
    into
        inventarios
        (capacidad_maxima, personaje_id, id) 
    values
        (?, ?, ?)
2026-05-07T20:42:00.802+02:00 DEBUG 27308 --- [rpg-online] [           main] org.hibernate.SQL                        : 
    insert 
    into
        clanes
        (lider_id, nombre, ranking, id) 
    values
        (?, ?, ?, ?)
2026-05-07T20:42:00.806+02:00 DEBUG 27308 --- [rpg-online] [           main] org.hibernate.SQL                        : 
    insert 
    into
        misiones
        (descripcion, estado, nombre, recompensa, id) 
    values
        (?, ?, ?, ?, ?)
2026-05-07T20:42:00.812+02:00 DEBUG 27308 --- [rpg-online] [           main] org.hibernate.SQL                        : 
    insert 
    into
        misiones
        (descripcion, estado, nombre, recompensa, id) 
    values
        (?, ?, ?, ?, ?)
2026-05-07T20:42:00.814+02:00  INFO 27308 --- [rpg-online] [           main] c.e.i.configuration.DataInitializer      : Datos de demostración inicializados correctamente
2026-05-07T20:43:01.005+02:00  INFO 27308 --- [rpg-online] [nio-8080-exec-4] o.a.c.c.C.[Tomcat].[localhost].[/]       : Initializing Spring DispatcherServlet 'dispatcherServlet'
2026-05-07T20:43:01.006+02:00  INFO 27308 --- [rpg-online] [nio-8080-exec-4] o.s.web.servlet.DispatcherServlet        : Initializing Servlet 'dispatcherServlet'
2026-05-07T20:43:01.008+02:00  INFO 27308 --- [rpg-online] [nio-8080-exec-4] o.s.web.servlet.DispatcherServlet        : Completed initialization in 2 ms
2026-05-07T20:45:43.053+02:00 ERROR 27308 --- [rpg-online] [nio-8080-exec-5] c.e.p.advice.GlobalExceptionHandler      : Error interno del servidor

org.springframework.web.servlet.resource.NoResourceFoundException: No static resource swagger-ui.
	at org.springframework.web.servlet.resource.ResourceHttpRequestHandler.handleRequest(ResourceHttpRequestHandler.java:585) ~[spring-webmvc-6.1.5.jar:6.1.5]
	at org.springframework.web.servlet.mvc.HttpRequestHandlerAdapter.handle(HttpRequestHandlerAdapter.java:52) ~[spring-webmvc-6.1.5.jar:6.1.5]
	at org.springframework.web.servlet.DispatcherServlet.doDispatch(DispatcherServlet.java:1089) ~[spring-webmvc-6.1.5.jar:6.1.5]
	at org.springframework.web.servlet.DispatcherServlet.doService(DispatcherServlet.java:979) ~[spring-webmvc-6.1.5.jar:6.1.5]
	at org.springframework.web.servlet.FrameworkServlet.processRequest(FrameworkServlet.java:1014) ~[spring-webmvc-6.1.5.jar:6.1.5]
	at org.springframework.web.servlet.FrameworkServlet.doGet(FrameworkServlet.java:903) ~[spring-webmvc-6.1.5.jar:6.1.5]
	at jakarta.servlet.http.HttpServlet.service(HttpServlet.java:564) ~[tomcat-embed-core-10.1.19.jar:6.0]
	at org.springframework.web.servlet.FrameworkServlet.service(FrameworkServlet.java:885) ~[spring-webmvc-6.1.5.jar:6.1.5]
	at jakarta.servlet.http.HttpServlet.service(HttpServlet.java:658) ~[tomcat-embed-core-10.1.19.jar:6.0]
	at org.apache.catalina.core.ApplicationFilterChain.internalDoFilter(ApplicationFilterChain.java:205) ~[tomcat-embed-core-10.1.19.jar:10.1.19]
	at org.apache.catalina.core.ApplicationFilterChain.doFilter(ApplicationFilterChain.java:149) ~[tomcat-embed-core-10.1.19.jar:10.1.19]
	at org.apache.tomcat.websocket.server.WsFilter.doFilter(WsFilter.java:51) ~[tomcat-embed-websocket-10.1.19.jar:10.1.19]
	at org.apache.catalina.core.ApplicationFilterChain.internalDoFilter(ApplicationFilterChain.java:174) ~[tomcat-embed-core-10.1.19.jar:10.1.19]
	at org.apache.catalina.core.ApplicationFilterChain.doFilter(ApplicationFilterChain.java:149) ~[tomcat-embed-core-10.1.19.jar:10.1.19]
	at com.examenmayo.infrastructure.security.JwtAuthenticationFilter.doFilterInternal(JwtAuthenticationFilter.java:26) ~[classes/:na]
	at org.springframework.web.filter.OncePerRequestFilter.doFilter(OncePerRequestFilter.java:116) ~[spring-web-6.1.5.jar:6.1.5]
	at org.apache.catalina.core.ApplicationFilterChain.internalDoFilter(ApplicationFilterChain.java:174) ~[tomcat-embed-core-10.1.19.jar:10.1.19]
	at org.apache.catalina.core.ApplicationFilterChain.doFilter(ApplicationFilterChain.java:149) ~[tomcat-embed-core-10.1.19.jar:10.1.19]
	at org.springframework.web.filter.CompositeFilter$VirtualFilterChain.doFilter(CompositeFilter.java:108) ~[spring-web-6.1.5.jar:6.1.5]
	at org.springframework.security.web.FilterChainProxy.lambda$doFilterInternal$3(FilterChainProxy.java:231) ~[spring-security-web-6.2.3.jar:6.2.3]
	at org.springframework.security.web.FilterChainProxy$VirtualFilterChain.doFilter(FilterChainProxy.java:365) ~[spring-security-web-6.2.3.jar:6.2.3]
	at org.springframework.security.web.access.intercept.AuthorizationFilter.doFilter(AuthorizationFilter.java:100) ~[spring-security-web-6.2.3.jar:6.2.3]
	at org.springframework.security.web.FilterChainProxy$VirtualFilterChain.doFilter(FilterChainProxy.java:374) ~[spring-security-web-6.2.3.jar:6.2.3]
	at org.springframework.security.web.access.ExceptionTranslationFilter.doFilter(ExceptionTranslationFilter.java:126) ~[spring-security-web-6.2.3.jar:6.2.3]
	at org.springframework.security.web.access.ExceptionTranslationFilter.doFilter(ExceptionTranslationFilter.java:120) ~[spring-security-web-6.2.3.jar:6.2.3]
	at org.springframework.security.web.FilterChainProxy$VirtualFilterChain.doFilter(FilterChainProxy.java:374) ~[spring-security-web-6.2.3.jar:6.2.3]
	at org.springframework.security.web.session.SessionManagementFilter.doFilter(SessionManagementFilter.java:131) ~[spring-security-web-6.2.3.jar:6.2.3]
	at org.springframework.security.web.session.SessionManagementFilter.doFilter(SessionManagementFilter.java:85) ~[spring-security-web-6.2.3.jar:6.2.3]
	at org.springframework.security.web.FilterChainProxy$VirtualFilterChain.doFilter(FilterChainProxy.java:374) ~[spring-security-web-6.2.3.jar:6.2.3]
	at org.springframework.security.web.authentication.AnonymousAuthenticationFilter.doFilter(AnonymousAuthenticationFilter.java:100) ~[spring-security-web-6.2.3.jar:6.2.3]
	at org.springframework.security.web.FilterChainProxy$VirtualFilterChain.doFilter(FilterChainProxy.java:374) ~[spring-security-web-6.2.3.jar:6.2.3]
	at org.springframework.security.web.servletapi.SecurityContextHolderAwareRequestFilter.doFilter(SecurityContextHolderAwareRequestFilter.java:179) ~[spring-security-web-6.2.3.jar:6.2.3]
	at org.springframework.security.web.FilterChainProxy$VirtualFilterChain.doFilter(FilterChainProxy.java:374) ~[spring-security-web-6.2.3.jar:6.2.3]
	at org.springframework.security.web.savedrequest.RequestCacheAwareFilter.doFilter(RequestCacheAwareFilter.java:63) ~[spring-security-web-6.2.3.jar:6.2.3]
	at org.springframework.security.web.FilterChainProxy$VirtualFilterChain.doFilter(FilterChainProxy.java:374) ~[spring-security-web-6.2.3.jar:6.2.3]
	at org.springframework.security.web.authentication.logout.LogoutFilter.doFilter(LogoutFilter.java:107) ~[spring-security-web-6.2.3.jar:6.2.3]
	at org.springframework.security.web.authentication.logout.LogoutFilter.doFilter(LogoutFilter.java:93) ~[spring-security-web-6.2.3.jar:6.2.3]
	at org.springframework.security.web.FilterChainProxy$VirtualFilterChain.doFilter(FilterChainProxy.java:374) ~[spring-security-web-6.2.3.jar:6.2.3]
	at org.springframework.web.filter.CorsFilter.doFilterInternal(CorsFilter.java:91) ~[spring-web-6.1.5.jar:6.1.5]
	at org.springframework.web.filter.OncePerRequestFilter.doFilter(OncePerRequestFilter.java:116) ~[spring-web-6.1.5.jar:6.1.5]
	at org.springframework.security.web.FilterChainProxy$VirtualFilterChain.doFilter(FilterChainProxy.java:374) ~[spring-security-web-6.2.3.jar:6.2.3]
	at org.springframework.security.web.header.HeaderWriterFilter.doHeadersAfter(HeaderWriterFilter.java:90) ~[spring-security-web-6.2.3.jar:6.2.3]
	at org.springframework.security.web.header.HeaderWriterFilter.doFilterInternal(HeaderWriterFilter.java:75) ~[spring-security-web-6.2.3.jar:6.2.3]
	at org.springframework.web.filter.OncePerRequestFilter.doFilter(OncePerRequestFilter.java:116) ~[spring-web-6.1.5.jar:6.1.5]
	at org.springframework.security.web.FilterChainProxy$VirtualFilterChain.doFilter(FilterChainProxy.java:374) ~[spring-security-web-6.2.3.jar:6.2.3]
	at org.springframework.security.web.context.SecurityContextHolderFilter.doFilter(SecurityContextHolderFilter.java:82) ~[spring-security-web-6.2.3.jar:6.2.3]
	at org.springframework.security.web.context.SecurityContextHolderFilter.doFilter(SecurityContextHolderFilter.java:69) ~[spring-security-web-6.2.3.jar:6.2.3]
	at org.springframework.security.web.FilterChainProxy$VirtualFilterChain.doFilter(FilterChainProxy.java:374) ~[spring-security-web-6.2.3.jar:6.2.3]
	at org.springframework.security.web.context.request.async.WebAsyncManagerIntegrationFilter.doFilterInternal(WebAsyncManagerIntegrationFilter.java:62) ~[spring-security-web-6.2.3.jar:6.2.3]
	at org.springframework.web.filter.OncePerRequestFilter.doFilter(OncePerRequestFilter.java:116) ~[spring-web-6.1.5.jar:6.1.5]
	at org.springframework.security.web.FilterChainProxy$VirtualFilterChain.doFilter(FilterChainProxy.java:374) ~[spring-security-web-6.2.3.jar:6.2.3]
	at org.springframework.security.web.session.DisableEncodeUrlFilter.doFilterInternal(DisableEncodeUrlFilter.java:42) ~[spring-security-web-6.2.3.jar:6.2.3]
	at org.springframework.web.filter.OncePerRequestFilter.doFilter(OncePerRequestFilter.java:116) ~[spring-web-6.1.5.jar:6.1.5]
	at org.springframework.security.web.FilterChainProxy$VirtualFilterChain.doFilter(FilterChainProxy.java:374) ~[spring-security-web-6.2.3.jar:6.2.3]
	at org.springframework.security.web.FilterChainProxy.doFilterInternal(FilterChainProxy.java:233) ~[spring-security-web-6.2.3.jar:6.2.3]
	at org.springframework.security.web.FilterChainProxy.doFilter(FilterChainProxy.java:191) ~[spring-security-web-6.2.3.jar:6.2.3]
	at org.springframework.web.filter.CompositeFilter$VirtualFilterChain.doFilter(CompositeFilter.java:113) ~[spring-web-6.1.5.jar:6.1.5]
	at org.springframework.web.servlet.handler.HandlerMappingIntrospector.lambda$createCacheFilter$3(HandlerMappingIntrospector.java:195) ~[spring-webmvc-6.1.5.jar:6.1.5]
	at org.springframework.web.filter.CompositeFilter$VirtualFilterChain.doFilter(CompositeFilter.java:113) ~[spring-web-6.1.5.jar:6.1.5]
	at org.springframework.web.filter.CompositeFilter.doFilter(CompositeFilter.java:74) ~[spring-web-6.1.5.jar:6.1.5]
	at org.springframework.security.config.annotation.web.configuration.WebMvcSecurityConfiguration$CompositeFilterChainProxy.doFilter(WebMvcSecurityConfiguration.java:230) ~[spring-security-config-6.2.3.jar:6.2.3]
	at org.springframework.web.filter.DelegatingFilterProxy.invokeDelegate(DelegatingFilterProxy.java:352) ~[spring-web-6.1.5.jar:6.1.5]
	at org.springframework.web.filter.DelegatingFilterProxy.doFilter(DelegatingFilterProxy.java:268) ~[spring-web-6.1.5.jar:6.1.5]
	at org.apache.catalina.core.ApplicationFilterChain.internalDoFilter(ApplicationFilterChain.java:174) ~[tomcat-embed-core-10.1.19.jar:10.1.19]
	at org.apache.catalina.core.ApplicationFilterChain.doFilter(ApplicationFilterChain.java:149) ~[tomcat-embed-core-10.1.19.jar:10.1.19]
	at org.springframework.web.filter.RequestContextFilter.doFilterInternal(RequestContextFilter.java:100) ~[spring-web-6.1.5.jar:6.1.5]
	at org.springframework.web.filter.OncePerRequestFilter.doFilter(OncePerRequestFilter.java:116) ~[spring-web-6.1.5.jar:6.1.5]
	at org.apache.catalina.core.ApplicationFilterChain.internalDoFilter(ApplicationFilterChain.java:174) ~[tomcat-embed-core-10.1.19.jar:10.1.19]
	at org.apache.catalina.core.ApplicationFilterChain.doFilter(ApplicationFilterChain.java:149) ~[tomcat-embed-core-10.1.19.jar:10.1.19]
	at org.springframework.web.filter.FormContentFilter.doFilterInternal(FormContentFilter.java:93) ~[spring-web-6.1.5.jar:6.1.5]
	at org.springframework.web.filter.OncePerRequestFilter.doFilter(OncePerRequestFilter.java:116) ~[spring-web-6.1.5.jar:6.1.5]
	at org.apache.catalina.core.ApplicationFilterChain.internalDoFilter(ApplicationFilterChain.java:174) ~[tomcat-embed-core-10.1.19.jar:10.1.19]
	at org.apache.catalina.core.ApplicationFilterChain.doFilter(ApplicationFilterChain.java:149) ~[tomcat-embed-core-10.1.19.jar:10.1.19]
	at org.springframework.web.filter.CharacterEncodingFilter.doFilterInternal(CharacterEncodingFilter.java:201) ~[spring-web-6.1.5.jar:6.1.5]
	at org.springframework.web.filter.OncePerRequestFilter.doFilter(OncePerRequestFilter.java:116) ~[spring-web-6.1.5.jar:6.1.5]
	at org.apache.catalina.core.ApplicationFilterChain.internalDoFilter(ApplicationFilterChain.java:174) ~[tomcat-embed-core-10.1.19.jar:10.1.19]
	at org.apache.catalina.core.ApplicationFilterChain.doFilter(ApplicationFilterChain.java:149) ~[tomcat-embed-core-10.1.19.jar:10.1.19]
	at org.apache.catalina.core.StandardWrapperValve.invoke(StandardWrapperValve.java:167) ~[tomcat-embed-core-10.1.19.jar:10.1.19]
	at org.apache.catalina.core.StandardContextValve.invoke(StandardContextValve.java:90) ~[tomcat-embed-core-10.1.19.jar:10.1.19]
	at org.apache.catalina.authenticator.AuthenticatorBase.invoke(AuthenticatorBase.java:482) ~[tomcat-embed-core-10.1.19.jar:10.1.19]
	at org.apache.catalina.core.StandardHostValve.invoke(StandardHostValve.java:115) ~[tomcat-embed-core-10.1.19.jar:10.1.19]
	at org.apache.catalina.valves.ErrorReportValve.invoke(ErrorReportValve.java:93) ~[tomcat-embed-core-10.1.19.jar:10.1.19]
	at org.apache.catalina.core.StandardEngineValve.invoke(StandardEngineValve.java:74) ~[tomcat-embed-core-10.1.19.jar:10.1.19]
	at org.apache.catalina.connector.CoyoteAdapter.service(CoyoteAdapter.java:344) ~[tomcat-embed-core-10.1.19.jar:10.1.19]
	at org.apache.coyote.http11.Http11Processor.service(Http11Processor.java:391) ~[tomcat-embed-core-10.1.19.jar:10.1.19]
	at org.apache.coyote.AbstractProcessorLight.process(AbstractProcessorLight.java:63) ~[tomcat-embed-core-10.1.19.jar:10.1.19]
	at org.apache.coyote.AbstractProtocol$ConnectionHandler.process(AbstractProtocol.java:896) ~[tomcat-embed-core-10.1.19.jar:10.1.19]
	at org.apache.tomcat.util.net.NioEndpoint$SocketProcessor.doRun(NioEndpoint.java:1744) ~[tomcat-embed-core-10.1.19.jar:10.1.19]
	at org.apache.tomcat.util.net.SocketProcessorBase.run(SocketProcessorBase.java:52) ~[tomcat-embed-core-10.1.19.jar:10.1.19]
	at org.apache.tomcat.util.threads.ThreadPoolExecutor.runWorker(ThreadPoolExecutor.java:1191) ~[tomcat-embed-core-10.1.19.jar:10.1.19]
	at org.apache.tomcat.util.threads.ThreadPoolExecutor$Worker.run(ThreadPoolExecutor.java:659) ~[tomcat-embed-core-10.1.19.jar:10.1.19]
	at org.apache.tomcat.util.threads.TaskThread$WrappingRunnable.run(TaskThread.java:63) ~[tomcat-embed-core-10.1.19.jar:10.1.19]
	at java.base/java.lang.Thread.run(Thread.java:1474) ~[na:na]

2026-05-07T20:46:09.541+02:00 DEBUG 27308 --- [rpg-online] [nio-8080-exec-2] org.hibernate.SQL                        : 
    select
        j1_0.id,
        j1_0.clan_id,
        j1_0.experiencia,
        j1_0.nickname,
        j1_0.nivel,
        j1_0.oro,
        j1_0.version 
    from
        jugadores j1_0
2026-05-07T20:46:09.563+02:00 ERROR 27308 --- [rpg-online] [nio-8080-exec-2] c.e.p.advice.GlobalExceptionHandler      : Error interno del servidor

org.hibernate.LazyInitializationException: failed to lazily initialize a collection of role: com.examenmayo.domain.model.Jugador.personajes: could not initialize proxy - no Session
	at org.hibernate.collection.spi.AbstractPersistentCollection.throwLazyInitializationException(AbstractPersistentCollection.java:634) ~[hibernate-core-6.4.4.Final.jar:6.4.4.Final]
	at org.hibernate.collection.spi.AbstractPersistentCollection.withTemporarySessionIfNeeded(AbstractPersistentCollection.java:217) ~[hibernate-core-6.4.4.Final.jar:6.4.4.Final]
	at org.hibernate.collection.spi.AbstractPersistentCollection.readSize(AbstractPersistentCollection.java:148) ~[hibernate-core-6.4.4.Final.jar:6.4.4.Final]
	at org.hibernate.collection.spi.PersistentBag.size(PersistentBag.java:355) ~[hibernate-core-6.4.4.Final.jar:6.4.4.Final]
	at com.examenmayo.application.mapper.RpgMapperImpl.personajeListToPersonajeResponseList(RpgMapperImpl.java:258) ~[classes/:na]
	at com.examenmayo.application.mapper.RpgMapperImpl.toJugadorResponse(RpgMapperImpl.java:55) ~[classes/:na]
	at java.base/java.util.stream.ReferencePipeline$3$1.accept(ReferencePipeline.java:214) ~[na:na]
	at java.base/java.util.ArrayList$ArrayListSpliterator.forEachRemaining(ArrayList.java:1716) ~[na:na]
	at java.base/java.util.stream.AbstractPipeline.copyInto(AbstractPipeline.java:570) ~[na:na]
	at java.base/java.util.stream.AbstractPipeline.wrapAndCopyInto(AbstractPipeline.java:560) ~[na:na]
	at java.base/java.util.stream.AbstractPipeline.evaluate(AbstractPipeline.java:635) ~[na:na]
	at java.base/java.util.stream.AbstractPipeline.evaluateToArrayNode(AbstractPipeline.java:291) ~[na:na]
	at java.base/java.util.stream.ReferencePipeline.toArray(ReferencePipeline.java:652) ~[na:na]
	at java.base/java.util.stream.ReferencePipeline.toArray(ReferencePipeline.java:658) ~[na:na]
	at java.base/java.util.stream.ReferencePipeline.toList(ReferencePipeline.java:663) ~[na:na]
	at com.examenmayo.presentation.controller.PlayerController.findAll(PlayerController.java:29) ~[classes/:na]
	at java.base/jdk.internal.reflect.DirectMethodHandleAccessor.invoke(DirectMethodHandleAccessor.java:104) ~[na:na]
	at java.base/java.lang.reflect.Method.invoke(Method.java:565) ~[na:na]
	at org.springframework.web.method.support.InvocableHandlerMethod.doInvoke(InvocableHandlerMethod.java:255) ~[spring-web-6.1.5.jar:6.1.5]
	at org.springframework.web.method.support.InvocableHandlerMethod.invokeForRequest(InvocableHandlerMethod.java:188) ~[spring-web-6.1.5.jar:6.1.5]
	at org.springframework.web.servlet.mvc.method.annotation.ServletInvocableHandlerMethod.invokeAndHandle(ServletInvocableHandlerMethod.java:118) ~[spring-webmvc-6.1.5.jar:6.1.5]
	at org.springframework.web.servlet.mvc.method.annotation.RequestMappingHandlerAdapter.invokeHandlerMethod(RequestMappingHandlerAdapter.java:925) ~[spring-webmvc-6.1.5.jar:6.1.5]
	at org.springframework.web.servlet.mvc.method.annotation.RequestMappingHandlerAdapter.handleInternal(RequestMappingHandlerAdapter.java:830) ~[spring-webmvc-6.1.5.jar:6.1.5]
	at org.springframework.web.servlet.mvc.method.AbstractHandlerMethodAdapter.handle(AbstractHandlerMethodAdapter.java:87) ~[spring-webmvc-6.1.5.jar:6.1.5]
	at org.springframework.web.servlet.DispatcherServlet.doDispatch(DispatcherServlet.java:1089) ~[spring-webmvc-6.1.5.jar:6.1.5]
	at org.springframework.web.servlet.DispatcherServlet.doService(DispatcherServlet.java:979) ~[spring-webmvc-6.1.5.jar:6.1.5]
	at org.springframework.web.servlet.FrameworkServlet.processRequest(FrameworkServlet.java:1014) ~[spring-webmvc-6.1.5.jar:6.1.5]
	at org.springframework.web.servlet.FrameworkServlet.doGet(FrameworkServlet.java:903) ~[spring-webmvc-6.1.5.jar:6.1.5]
	at jakarta.servlet.http.HttpServlet.service(HttpServlet.java:564) ~[tomcat-embed-core-10.1.19.jar:6.0]
	at org.springframework.web.servlet.FrameworkServlet.service(FrameworkServlet.java:885) ~[spring-webmvc-6.1.5.jar:6.1.5]
	at jakarta.servlet.http.HttpServlet.service(HttpServlet.java:658) ~[tomcat-embed-core-10.1.19.jar:6.0]
	at org.apache.catalina.core.ApplicationFilterChain.internalDoFilter(ApplicationFilterChain.java:205) ~[tomcat-embed-core-10.1.19.jar:10.1.19]
	at org.apache.catalina.core.ApplicationFilterChain.doFilter(ApplicationFilterChain.java:149) ~[tomcat-embed-core-10.1.19.jar:10.1.19]
	at org.apache.tomcat.websocket.server.WsFilter.doFilter(WsFilter.java:51) ~[tomcat-embed-websocket-10.1.19.jar:10.1.19]
	at org.apache.catalina.core.ApplicationFilterChain.internalDoFilter(ApplicationFilterChain.java:174) ~[tomcat-embed-core-10.1.19.jar:10.1.19]
	at org.apache.catalina.core.ApplicationFilterChain.doFilter(ApplicationFilterChain.java:149) ~[tomcat-embed-core-10.1.19.jar:10.1.19]
	at com.examenmayo.infrastructure.security.JwtAuthenticationFilter.doFilterInternal(JwtAuthenticationFilter.java:26) ~[classes/:na]
	at org.springframework.web.filter.OncePerRequestFilter.doFilter(OncePerRequestFilter.java:116) ~[spring-web-6.1.5.jar:6.1.5]
	at org.apache.catalina.core.ApplicationFilterChain.internalDoFilter(ApplicationFilterChain.java:174) ~[tomcat-embed-core-10.1.19.jar:10.1.19]
	at org.apache.catalina.core.ApplicationFilterChain.doFilter(ApplicationFilterChain.java:149) ~[tomcat-embed-core-10.1.19.jar:10.1.19]
	at org.springframework.web.filter.CompositeFilter$VirtualFilterChain.doFilter(CompositeFilter.java:108) ~[spring-web-6.1.5.jar:6.1.5]
	at org.springframework.security.web.FilterChainProxy.lambda$doFilterInternal$3(FilterChainProxy.java:231) ~[spring-security-web-6.2.3.jar:6.2.3]
	at org.springframework.security.web.FilterChainProxy$VirtualFilterChain.doFilter(FilterChainProxy.java:365) ~[spring-security-web-6.2.3.jar:6.2.3]
	at org.springframework.security.web.access.intercept.AuthorizationFilter.doFilter(AuthorizationFilter.java:100) ~[spring-security-web-6.2.3.jar:6.2.3]
	at org.springframework.security.web.FilterChainProxy$VirtualFilterChain.doFilter(FilterChainProxy.java:374) ~[spring-security-web-6.2.3.jar:6.2.3]
	at org.springframework.security.web.access.ExceptionTranslationFilter.doFilter(ExceptionTranslationFilter.java:126) ~[spring-security-web-6.2.3.jar:6.2.3]
	at org.springframework.security.web.access.ExceptionTranslationFilter.doFilter(ExceptionTranslationFilter.java:120) ~[spring-security-web-6.2.3.jar:6.2.3]
	at org.springframework.security.web.FilterChainProxy$VirtualFilterChain.doFilter(FilterChainProxy.java:374) ~[spring-security-web-6.2.3.jar:6.2.3]
	at org.springframework.security.web.session.SessionManagementFilter.doFilter(SessionManagementFilter.java:131) ~[spring-security-web-6.2.3.jar:6.2.3]
	at org.springframework.security.web.session.SessionManagementFilter.doFilter(SessionManagementFilter.java:85) ~[spring-security-web-6.2.3.jar:6.2.3]
	at org.springframework.security.web.FilterChainProxy$VirtualFilterChain.doFilter(FilterChainProxy.java:374) ~[spring-security-web-6.2.3.jar:6.2.3]
	at org.springframework.security.web.authentication.AnonymousAuthenticationFilter.doFilter(AnonymousAuthenticationFilter.java:100) ~[spring-security-web-6.2.3.jar:6.2.3]
	at org.springframework.security.web.FilterChainProxy$VirtualFilterChain.doFilter(FilterChainProxy.java:374) ~[spring-security-web-6.2.3.jar:6.2.3]
	at org.springframework.security.web.servletapi.SecurityContextHolderAwareRequestFilter.doFilter(SecurityContextHolderAwareRequestFilter.java:179) ~[spring-security-web-6.2.3.jar:6.2.3]
	at org.springframework.security.web.FilterChainProxy$VirtualFilterChain.doFilter(FilterChainProxy.java:374) ~[spring-security-web-6.2.3.jar:6.2.3]
	at org.springframework.security.web.savedrequest.RequestCacheAwareFilter.doFilter(RequestCacheAwareFilter.java:63) ~[spring-security-web-6.2.3.jar:6.2.3]
	at org.springframework.security.web.FilterChainProxy$VirtualFilterChain.doFilter(FilterChainProxy.java:374) ~[spring-security-web-6.2.3.jar:6.2.3]
	at org.springframework.security.web.authentication.logout.LogoutFilter.doFilter(LogoutFilter.java:107) ~[spring-security-web-6.2.3.jar:6.2.3]
	at org.springframework.security.web.authentication.logout.LogoutFilter.doFilter(LogoutFilter.java:93) ~[spring-security-web-6.2.3.jar:6.2.3]
	at org.springframework.security.web.FilterChainProxy$VirtualFilterChain.doFilter(FilterChainProxy.java:374) ~[spring-security-web-6.2.3.jar:6.2.3]
	at org.springframework.web.filter.CorsFilter.doFilterInternal(CorsFilter.java:91) ~[spring-web-6.1.5.jar:6.1.5]
	at org.springframework.web.filter.OncePerRequestFilter.doFilter(OncePerRequestFilter.java:116) ~[spring-web-6.1.5.jar:6.1.5]
	at org.springframework.security.web.FilterChainProxy$VirtualFilterChain.doFilter(FilterChainProxy.java:374) ~[spring-security-web-6.2.3.jar:6.2.3]
	at org.springframework.security.web.header.HeaderWriterFilter.doHeadersAfter(HeaderWriterFilter.java:90) ~[spring-security-web-6.2.3.jar:6.2.3]
	at org.springframework.security.web.header.HeaderWriterFilter.doFilterInternal(HeaderWriterFilter.java:75) ~[spring-security-web-6.2.3.jar:6.2.3]
	at org.springframework.web.filter.OncePerRequestFilter.doFilter(OncePerRequestFilter.java:116) ~[spring-web-6.1.5.jar:6.1.5]
	at org.springframework.security.web.FilterChainProxy$VirtualFilterChain.doFilter(FilterChainProxy.java:374) ~[spring-security-web-6.2.3.jar:6.2.3]
	at org.springframework.security.web.context.SecurityContextHolderFilter.doFilter(SecurityContextHolderFilter.java:82) ~[spring-security-web-6.2.3.jar:6.2.3]
	at org.springframework.security.web.context.SecurityContextHolderFilter.doFilter(SecurityContextHolderFilter.java:69) ~[spring-security-web-6.2.3.jar:6.2.3]
	at org.springframework.security.web.FilterChainProxy$VirtualFilterChain.doFilter(FilterChainProxy.java:374) ~[spring-security-web-6.2.3.jar:6.2.3]
	at org.springframework.security.web.context.request.async.WebAsyncManagerIntegrationFilter.doFilterInternal(WebAsyncManagerIntegrationFilter.java:62) ~[spring-security-web-6.2.3.jar:6.2.3]
	at org.springframework.web.filter.OncePerRequestFilter.doFilter(OncePerRequestFilter.java:116) ~[spring-web-6.1.5.jar:6.1.5]
	at org.springframework.security.web.FilterChainProxy$VirtualFilterChain.doFilter(FilterChainProxy.java:374) ~[spring-security-web-6.2.3.jar:6.2.3]
	at org.springframework.security.web.session.DisableEncodeUrlFilter.doFilterInternal(DisableEncodeUrlFilter.java:42) ~[spring-security-web-6.2.3.jar:6.2.3]
	at org.springframework.web.filter.OncePerRequestFilter.doFilter(OncePerRequestFilter.java:116) ~[spring-web-6.1.5.jar:6.1.5]
	at org.springframework.security.web.FilterChainProxy$VirtualFilterChain.doFilter(FilterChainProxy.java:374) ~[spring-security-web-6.2.3.jar:6.2.3]
	at org.springframework.security.web.FilterChainProxy.doFilterInternal(FilterChainProxy.java:233) ~[spring-security-web-6.2.3.jar:6.2.3]
	at org.springframework.security.web.FilterChainProxy.doFilter(FilterChainProxy.java:191) ~[spring-security-web-6.2.3.jar:6.2.3]
	at org.springframework.web.filter.CompositeFilter$VirtualFilterChain.doFilter(CompositeFilter.java:113) ~[spring-web-6.1.5.jar:6.1.5]
	at org.springframework.web.servlet.handler.HandlerMappingIntrospector.lambda$createCacheFilter$3(HandlerMappingIntrospector.java:195) ~[spring-webmvc-6.1.5.jar:6.1.5]
	at org.springframework.web.filter.CompositeFilter$VirtualFilterChain.doFilter(CompositeFilter.java:113) ~[spring-web-6.1.5.jar:6.1.5]
	at org.springframework.web.filter.CompositeFilter.doFilter(CompositeFilter.java:74) ~[spring-web-6.1.5.jar:6.1.5]
	at org.springframework.security.config.annotation.web.configuration.WebMvcSecurityConfiguration$CompositeFilterChainProxy.doFilter(WebMvcSecurityConfiguration.java:230) ~[spring-security-config-6.2.3.jar:6.2.3]
	at org.springframework.web.filter.DelegatingFilterProxy.invokeDelegate(DelegatingFilterProxy.java:352) ~[spring-web-6.1.5.jar:6.1.5]
	at org.springframework.web.filter.DelegatingFilterProxy.doFilter(DelegatingFilterProxy.java:268) ~[spring-web-6.1.5.jar:6.1.5]
	at org.apache.catalina.core.ApplicationFilterChain.internalDoFilter(ApplicationFilterChain.java:174) ~[tomcat-embed-core-10.1.19.jar:10.1.19]
	at org.apache.catalina.core.ApplicationFilterChain.doFilter(ApplicationFilterChain.java:149) ~[tomcat-embed-core-10.1.19.jar:10.1.19]
	at org.springframework.web.filter.RequestContextFilter.doFilterInternal(RequestContextFilter.java:100) ~[spring-web-6.1.5.jar:6.1.5]
	at org.springframework.web.filter.OncePerRequestFilter.doFilter(OncePerRequestFilter.java:116) ~[spring-web-6.1.5.jar:6.1.5]
	at org.apache.catalina.core.ApplicationFilterChain.internalDoFilter(ApplicationFilterChain.java:174) ~[tomcat-embed-core-10.1.19.jar:10.1.19]
	at org.apache.catalina.core.ApplicationFilterChain.doFilter(ApplicationFilterChain.java:149) ~[tomcat-embed-core-10.1.19.jar:10.1.19]
	at org.springframework.web.filter.FormContentFilter.doFilterInternal(FormContentFilter.java:93) ~[spring-web-6.1.5.jar:6.1.5]
	at org.springframework.web.filter.OncePerRequestFilter.doFilter(OncePerRequestFilter.java:116) ~[spring-web-6.1.5.jar:6.1.5]
	at org.apache.catalina.core.ApplicationFilterChain.internalDoFilter(ApplicationFilterChain.java:174) ~[tomcat-embed-core-10.1.19.jar:10.1.19]
	at org.apache.catalina.core.ApplicationFilterChain.doFilter(ApplicationFilterChain.java:149) ~[tomcat-embed-core-10.1.19.jar:10.1.19]
	at org.springframework.web.filter.CharacterEncodingFilter.doFilterInternal(CharacterEncodingFilter.java:201) ~[spring-web-6.1.5.jar:6.1.5]
	at org.springframework.web.filter.OncePerRequestFilter.doFilter(OncePerRequestFilter.java:116) ~[spring-web-6.1.5.jar:6.1.5]
	at org.apache.catalina.core.ApplicationFilterChain.internalDoFilter(ApplicationFilterChain.java:174) ~[tomcat-embed-core-10.1.19.jar:10.1.19]
	at org.apache.catalina.core.ApplicationFilterChain.doFilter(ApplicationFilterChain.java:149) ~[tomcat-embed-core-10.1.19.jar:10.1.19]
	at org.apache.catalina.core.StandardWrapperValve.invoke(StandardWrapperValve.java:167) ~[tomcat-embed-core-10.1.19.jar:10.1.19]
	at org.apache.catalina.core.StandardContextValve.invoke(StandardContextValve.java:90) ~[tomcat-embed-core-10.1.19.jar:10.1.19]
	at org.apache.catalina.authenticator.AuthenticatorBase.invoke(AuthenticatorBase.java:482) ~[tomcat-embed-core-10.1.19.jar:10.1.19]
	at org.apache.catalina.core.StandardHostValve.invoke(StandardHostValve.java:115) ~[tomcat-embed-core-10.1.19.jar:10.1.19]
	at org.apache.catalina.valves.ErrorReportValve.invoke(ErrorReportValve.java:93) ~[tomcat-embed-core-10.1.19.jar:10.1.19]
	at org.apache.catalina.core.StandardEngineValve.invoke(StandardEngineValve.java:74) ~[tomcat-embed-core-10.1.19.jar:10.1.19]
	at org.apache.catalina.connector.CoyoteAdapter.service(CoyoteAdapter.java:344) ~[tomcat-embed-core-10.1.19.jar:10.1.19]
	at org.apache.coyote.http11.Http11Processor.service(Http11Processor.java:391) ~[tomcat-embed-core-10.1.19.jar:10.1.19]
	at org.apache.coyote.AbstractProcessorLight.process(AbstractProcessorLight.java:63) ~[tomcat-embed-core-10.1.19.jar:10.1.19]
	at org.apache.coyote.AbstractProtocol$ConnectionHandler.process(AbstractProtocol.java:896) ~[tomcat-embed-core-10.1.19.jar:10.1.19]
	at org.apache.tomcat.util.net.NioEndpoint$SocketProcessor.doRun(NioEndpoint.java:1744) ~[tomcat-embed-core-10.1.19.jar:10.1.19]
	at org.apache.tomcat.util.net.SocketProcessorBase.run(SocketProcessorBase.java:52) ~[tomcat-embed-core-10.1.19.jar:10.1.19]
	at org.apache.tomcat.util.threads.ThreadPoolExecutor.runWorker(ThreadPoolExecutor.java:1191) ~[tomcat-embed-core-10.1.19.jar:10.1.19]
	at org.apache.tomcat.util.threads.ThreadPoolExecutor$Worker.run(ThreadPoolExecutor.java:659) ~[tomcat-embed-core-10.1.19.jar:10.1.19]
	at org.apache.tomcat.util.threads.TaskThread$WrappingRunnable.run(TaskThread.java:63) ~[tomcat-embed-core-10.1.19.jar:10.1.19]
	at java.base/java.lang.Thread.run(Thread.java:1474) ~[na:na]

2026-05-07T20:47:22.322+02:00  INFO 27308 --- [rpg-online] [nio-8080-exec-3] o.springdoc.api.AbstractOpenApiResource  : Init duration for springdoc-openapi is: 740 ms
